This is pdfTeX, Version 3.14159265-2.6-1.40.17 (TeX Live 2016) (preloaded format=pdflatex 2016.5.22)  3 DEC 2017 18:50
entering extended mode
 restricted \write18 enabled.
 %&-line parsing enabled.
**thesis.tex
(./thesis.tex
LaTeX2e <2016/03/31>
Babel <3.9r> and hyphenation patterns for 83 language(s) loaded.
(/usr/local/texlive/2016/texmf-dist/tex/latex/ucdavisthesis/ucdavisthesis.cls
Document Class: ucdavisthesis 2016/04/23 v1.3 UCDavis thesis class
(/usr/local/texlive/2016/texmf-dist/tex/latex/base/ifthen.sty
Package: ifthen 2014/09/29 v1.1c Standard LaTeX ifthen package (DPC)
)
(/usr/local/texlive/2016/texmf-dist/tex/latex/ucdavisthesis/ucdthesis12.clo
File: ucdthesis12.clo 2009/02/22 v1.0 ucdavisthesis class 12pt size option
)
\c@part=\count79
\c@chapter=\count80
\c@section=\count81
\c@subsection=\count82
\c@subsubsection=\count83
\c@paragraph=\count84
\c@subparagraph=\count85
\bibindent=\dimen102
\abovecaptionskip=\skip41
\belowcaptionskip=\skip42
\c@figure=\count86
\c@table=\count87
\UMIfoliosep=\skip43
\c@UMIpagetemp=\count88
)
(/usr/local/texlive/2016/texmf-dist/tex/latex/datetime/datetime.sty
Package: datetime 2015/03/20 v2.60 Date Time Package

(/usr/local/texlive/2016/texmf-dist/tex/latex/etoolbox/etoolbox.sty
Package: etoolbox 2015/08/02 v2.2a e-TeX tools for LaTeX (JAW)
\etb@tempcnta=\count89
)
(/usr/local/texlive/2016/texmf-dist/tex/latex/fmtcount/fmtcount.sty
Package: fmtcount 2015/05/05 v3.01

(/usr/local/texlive/2016/texmf-dist/tex/latex/xkeyval/xkeyval.sty
Package: xkeyval 2014/12/03 v2.7a package option processing (HA)

(/usr/local/texlive/2016/texmf-dist/tex/generic/xkeyval/xkeyval.tex
(/usr/local/texlive/2016/texmf-dist/tex/generic/xkeyval/xkvutils.tex
\XKV@toks=\toks14
\XKV@tempa@toks=\toks15

(/usr/local/texlive/2016/texmf-dist/tex/generic/xkeyval/keyval.tex))
\XKV@depth=\count90
File: xkeyval.tex 2014/12/03 v2.7a key=value parser (HA)
))
(/usr/local/texlive/2016/texmf-dist/tex/latex/fmtcount/fcprefix.sty
Package: fcprefix 2012/09/28

(/usr/local/texlive/2016/texmf-dist/tex/latex/fmtcount/fcnumparser.sty
Package: fcnumparser 2012/09/28
\fc@digit@counter=\count91
))
(/usr/local/texlive/2016/texmf-dist/tex/generic/ifxetex/ifxetex.sty
Package: ifxetex 2010/09/12 v0.6 Provides ifxetex conditional
)
(/usr/local/texlive/2016/texmf-dist/tex/latex/amsmath/amsgen.sty
File: amsgen.sty 1999/11/30 v2.0 generic functions
\@emptytoks=\toks16
\ex@=\dimen103
)
\c@padzeroesN=\count92
\fc@tmpcatcode=\count93
\@DT@modctr=\count94
\@ordinalctr=\count95
\@orgargctr=\count96
\@strctr=\count97
\@tmpstrctr=\count98
\@DT@loopN=\count99
\@DT@X=\count100

(/usr/local/texlive/2016/texmf-dist/tex/latex/fmtcount/fc-english.def
File: fc-english.def 2013/08/17
))
(/usr/local/texlive/2016/texmf-dist/tex/latex/datetime/datetime-defaults.sty
Package: datetime-defaults 2013/09/10
)
\@day=\count101
\@month=\count102
\@year=\count103
\c@HOUR=\count104
\c@HOURXII=\count105
\c@MINUTE=\count106
\c@TOHOUR=\count107
\c@TOMINUTE=\count108
\c@SECOND=\count109
\currenthour=\count110
\currentminute=\count111
\currentsecond=\count112
Package datetime Info: No datetime.cfg file found, using default settings on in
put line 308.
\@dtctr=\count113
\dayofyear=\count114
\dayofweek=\count115
LaTeX Info: Redefining \today on input line 736.
\dt@a=\toks17
\dt@b=\toks18
)
(/usr/local/texlive/2016/texmf-dist/tex/latex/graphics/graphicx.sty
Package: graphicx 2014/10/28 v1.0g Enhanced LaTeX Graphics (DPC,SPQR)

(/usr/local/texlive/2016/texmf-dist/tex/latex/graphics/graphics.sty
Package: graphics 2016/05/09 v1.0r Standard LaTeX Graphics (DPC,SPQR)

(/usr/local/texlive/2016/texmf-dist/tex/latex/graphics/trig.sty
Package: trig 2016/01/03 v1.10 sin cos tan (DPC)
)
(/usr/local/texlive/2016/texmf-dist/tex/latex/graphics-cfg/graphics.cfg
File: graphics.cfg 2016/01/02 v1.10 sample graphics configuration
)
Package graphics Info: Driver file: pdftex.def on input line 96.

(/usr/local/texlive/2016/texmf-dist/tex/latex/pdftex-def/pdftex.def
File: pdftex.def 2011/05/27 v0.06d Graphics/color for pdfTeX

(/usr/local/texlive/2016/texmf-dist/tex/generic/oberdiek/infwarerr.sty
Package: infwarerr 2016/05/16 v1.4 Providing info/warning/error messages (HO)
)
(/usr/local/texlive/2016/texmf-dist/tex/generic/oberdiek/ltxcmds.sty
Package: ltxcmds 2016/05/16 v1.23 LaTeX kernel commands for general use (HO)
)
\Gread@gobject=\count116
))
\Gin@req@height=\dimen104
\Gin@req@width=\dimen105
)
(/usr/local/texlive/2016/texmf-dist/tex/latex/rotating/rotating.sty
Package: rotating 2009/03/28 v2.16a rotated objects in LaTeX
\c@r@tfl@t=\count117
\rotFPtop=\skip44
\rotFPbot=\skip45
\rot@float@box=\box26
\rot@mess@toks=\toks19
)
(/usr/local/texlive/2016/texmf-dist/tex/latex/subfigure/subfigure.sty
Package: subfigure 2002/03/15 v2.1.5 subfigure package
\subfigtopskip=\skip46
\subfigcapskip=\skip47
\subfigcaptopadj=\dimen106
\subfigbottomskip=\skip48
\subfigcapmargin=\dimen107
\subfiglabelskip=\skip49
\c@subfigure=\count118
\c@lofdepth=\count119
\c@subtable=\count120
\c@lotdepth=\count121

****************************************
* Local config file subfigure.cfg used *
****************************************
(/usr/local/texlive/2016/texmf-dist/tex/latex/subfigure/subfigure.cfg)
\subfig@top=\skip50
\subfig@bottom=\skip51
)
(./thesis.aux (./chap1-overview.aux) (./chap2-medical-imaging.aux)
(./chap3-image-segmentation.aux) (./chap4-mesh-generation.aux)
(./chap5-numerical-methods.aux) (./chap6-application-cardiac-mechanics.aux)
(./chap7-future-work.aux

LaTeX Warning: Label `fig.sample_1' multiply defined.

) (./chap8-conclusions.aux))
\openout1 = `thesis.aux'.

LaTeX Font Info:    Checking defaults for OML/cmm/m/it on input line 102.
LaTeX Font Info:    ... okay on input line 102.
LaTeX Font Info:    Checking defaults for T1/cmr/m/n on input line 102.
LaTeX Font Info:    ... okay on input line 102.
LaTeX Font Info:    Checking defaults for OT1/cmr/m/n on input line 102.
LaTeX Font Info:    ... okay on input line 102.
LaTeX Font Info:    Checking defaults for OMS/cmsy/m/n on input line 102.
LaTeX Font Info:    ... okay on input line 102.
LaTeX Font Info:    Checking defaults for OMX/cmex/m/n on input line 102.
LaTeX Font Info:    ... okay on input line 102.
LaTeX Font Info:    Checking defaults for U/cmr/m/n on input line 102.
LaTeX Font Info:    ... okay on input line 102.

(/usr/local/texlive/2016/texmf-dist/tex/context/base/mkii/supp-pdf.mkii
[Loading MPS to PDF converter (version 2006.09.02).]
\scratchcounter=\count122
\scratchdimen=\dimen108
\scratchbox=\box27
\nofMPsegments=\count123
\nofMParguments=\count124
\everyMPshowfont=\toks20
\MPscratchCnt=\count125
\MPscratchDim=\dimen109
\MPnumerator=\count126
\makeMPintoPDFobject=\count127
\everyMPtoPDFconversion=\toks21
) (/usr/local/texlive/2016/texmf-dist/tex/generic/oberdiek/pdftexcmds.sty
Package: pdftexcmds 2016/05/10 v0.21 Utility functions of pdfTeX for LuaTeX (HO
)

(/usr/local/texlive/2016/texmf-dist/tex/generic/oberdiek/ifluatex.sty
Package: ifluatex 2016/05/16 v1.4 Provides the ifluatex switch (HO)
Package ifluatex Info: LuaTeX not detected.
)
(/usr/local/texlive/2016/texmf-dist/tex/generic/oberdiek/ifpdf.sty
Package: ifpdf 2016/05/14 v3.1 Provides the ifpdf switch
)
Package pdftexcmds Info: LuaTeX not detected.
Package pdftexcmds Info: \pdf@primitive is available.
Package pdftexcmds Info: \pdf@ifprimitive is available.
Package pdftexcmds Info: \pdfdraftmode found.
)
(/usr/local/texlive/2016/texmf-dist/tex/latex/oberdiek/epstopdf-base.sty
Package: epstopdf-base 2016/05/15 v2.6 Base part for package epstopdf

(/usr/local/texlive/2016/texmf-dist/tex/latex/oberdiek/grfext.sty
Package: grfext 2016/05/16 v1.2 Manage graphics extensions (HO)

(/usr/local/texlive/2016/texmf-dist/tex/generic/oberdiek/kvdefinekeys.sty
Package: kvdefinekeys 2016/05/16 v1.4 Define keys (HO)
))
(/usr/local/texlive/2016/texmf-dist/tex/latex/oberdiek/kvoptions.sty
Package: kvoptions 2016/05/16 v3.12 Key value format for package options (HO)

(/usr/local/texlive/2016/texmf-dist/tex/generic/oberdiek/kvsetkeys.sty
Package: kvsetkeys 2016/05/16 v1.17 Key value parser (HO)

(/usr/local/texlive/2016/texmf-dist/tex/generic/oberdiek/etexcmds.sty
Package: etexcmds 2016/05/16 v1.6 Avoid name clashes with e-TeX commands (HO)
Package etexcmds Info: Could not find \expanded.
(etexcmds)             That can mean that you are not using pdfTeX 1.50 or
(etexcmds)             that some package has redefined \expanded.
(etexcmds)             In the latter case, load this package earlier.
)))
Package grfext Info: Graphics extension search list:
(grfext)             [.png,.pdf,.jpg,.mps,.jpeg,.jbig2,.jb2,.PNG,.PDF,.JPG,.JPE
G,.JBIG2,.JB2,.eps]
(grfext)             \AppendGraphicsExtensions on input line 456.

(/usr/local/texlive/2016/texmf-dist/tex/latex/latexconfig/epstopdf-sys.cfg
File: epstopdf-sys.cfg 2010/07/13 v1.3 Configuration of (r)epstopdf for TeX Liv
e
))
[1


{/usr/local/texlive/2016/texmf-var/fonts/map/pdftex/updmap/pdftex.map}]
LaTeX Font Info:    Try loading font information for OMS+cmr on input line 110.


(/usr/local/texlive/2016/texmf-dist/tex/latex/base/omscmr.fd
File: omscmr.fd 2014/09/29 v2.5h Standard LaTeX font definitions
)
LaTeX Font Info:    Font shape `OMS/cmr/m/n' in size <12> not available
(Font)              Font shape `OMS/cmsy/m/n' tried instead on input line 110.
 [1

] [2

]
(./thesis.toc
LaTeX Font Info:    External font `cmex10' loaded for size
(Font)              <12> on input line 1.
LaTeX Font Info:    External font `cmex10' loaded for size
(Font)              <8> on input line 1.
LaTeX Font Info:    External font `cmex10' loaded for size
(Font)              <6> on input line 1.
 [3

])
\tf@toc=\write3
\openout3 = `thesis.toc'.

 [4] (./thesis.lof [5

] [6]
Overfull \hbox (15.30783pt too wide) in paragraph at lines 98--98
 [][] []\OT1/cmr/m/n/12 Polyhedral mesh of hu-man knee from in-put sur-faces ge
n-er-ated from OpenKnee 
 []


Overfull \hbox (10.32037pt too wide) in paragraph at lines 100--100
 [][] []\OT1/cmr/m/n/12 Comparison of meshes: (a) lin-ear poly-he-dral mesh fro
m Celeris, (b) quadratic 
 []

)
\tf@lof=\write4
\openout4 = `thesis.lof'.

 [7] (./thesis.lot)
\tf@lot=\write5
\openout5 = `thesis.lot'.

 [8

] [9

] [10]
\openout2 = `chap1-overview.aux'.

 (./chap1-overview.tex
Chapter 1.

LaTeX Font Warning: Font shape `OT1/cmr/bx/n' in size <29.86> not available
(Font)              size <24.88> substituted on input line 1.


LaTeX Warning: Citation `heartmech' on page 1 undefined on input line 6.


LaTeX Warning: Citation `newheartpaper' on page 1 undefined on input line 6.


LaTeX Warning: Citation `vorocrust1' on page 1 undefined on input line 6.


LaTeX Warning: Citation `vorocrust2' on page 1 undefined on input line 6.


LaTeX Warning: Citation `simpleware' on page 1 undefined on input line 6.


LaTeX Warning: Citation `persson' on page 1 undefined on input line 6.

)
Underfull \hbox (badness 10000) in paragraph at lines 8--112

 []

[1


]
\openout2 = `chap2-medical-imaging.aux'.

 (./chap2-medical-imaging.tex
Chapter 2.
<media/ucdavisthesis_example_figure.pdf, id=47, 247.92625pt x 247.92625pt>
File: media/ucdavisthesis_example_figure.pdf Graphic file (type pdf)

<use media/ucdavisthesis_example_figure.pdf>
Package pdftex.def Info: media/ucdavisthesis_example_figure.pdf used on input l
ine 5.
(pdftex.def)             Requested size: 247.92564pt x 247.92564pt.
Missing character: There is no ‚ in font cmr12!
Missing character: There is no Ä in font cmr12!
Missing character: There is no ú in font cmr12!
Missing character: There is no ‚ in font cmr12!
Missing character: There is no Ä in font cmr12!
Missing character: There is no ù in font cmr12!

Underfull \hbox (badness 10000) in paragraph at lines 15--16

 []

[2



 <./media/ucdavisthesis_example_figure.pdf>]
Underfull \hbox (badness 10000) in paragraph at lines 17--18

 []


Underfull \hbox (badness 10000) in paragraph at lines 26--29

 []

) [3]
\openout2 = `chap3-image-segmentation.aux'.

 (./chap3-image-segmentation.tex
Chapter 3.

LaTeX Warning: Citation `morel' on page 4 undefined on input line 4.


LaTeX Warning: Citation `mitiche' on page 4 undefined on input line 5.

<media/1-seg3d/1-raw.png, id=67, 1342.01375pt x 979.66pt>
File: media/1-seg3d/1-raw.png Graphic file (type png)

<use media/1-seg3d/1-raw.png>
Package pdftex.def Info: media/1-seg3d/1-raw.png used on input line 23.
(pdftex.def)             Requested size: 225.45677pt x 164.58176pt.

<media/1-seg3d/2-seg.png, id=69, 1342.01375pt x 979.66pt>
File: media/1-seg3d/2-seg.png Graphic file (type png)

<use media/1-seg3d/2-seg.png>
Package pdftex.def Info: media/1-seg3d/2-seg.png used on input line 26.
(pdftex.def)             Requested size: 225.45677pt x 164.58176pt.
LaTeX Font Info:    External font `cmex10' loaded for size
(Font)              <10.95> on input line 28.


LaTeX Warning: Citation `lcevt' on page 4 undefined on input line 44.

) [4



] [5 <./media/1-seg3d/1-raw.png> <./media/1-seg3d/2-seg.png>]
\openout2 = `chap4-mesh-generation.aux'.


(./chap4-mesh-generation.tex
Chapter 4.
<media/2-shabaka/1-vor/dem1.png, id=79, 185.85435pt x 190.7928pt>
File: media/2-shabaka/1-vor/dem1.png Graphic file (type png)

<use media/2-shabaka/1-vor/dem1.png>
Package pdftex.def Info: media/2-shabaka/1-vor/dem1.png used on input line 8.
(pdftex.def)             Requested size: 109.6531pt x 112.56676pt.

<media/2-shabaka/1-vor/dem2.png, id=80, 185.85435pt x 190.7928pt>
File: media/2-shabaka/1-vor/dem2.png Graphic file (type png)

<use media/2-shabaka/1-vor/dem2.png>
Package pdftex.def Info: media/2-shabaka/1-vor/dem2.png used on input line 11.
(pdftex.def)             Requested size: 109.6531pt x 112.56676pt.

<media/2-shabaka/1-vor/dem3.png, id=81, 185.85435pt x 190.7928pt>
File: media/2-shabaka/1-vor/dem3.png Graphic file (type png)

<use media/2-shabaka/1-vor/dem3.png>
Package pdftex.def Info: media/2-shabaka/1-vor/dem3.png used on input line 14.
(pdftex.def)             Requested size: 109.6531pt x 112.56676pt.

<media/2-shabaka/1-vor/dem4.png, id=82, 185.85435pt x 190.7928pt>
File: media/2-shabaka/1-vor/dem4.png Graphic file (type png)

<use media/2-shabaka/1-vor/dem4.png>
Package pdftex.def Info: media/2-shabaka/1-vor/dem4.png used on input line 17.
(pdftex.def)             Requested size: 109.6531pt x 112.56676pt.

<media/2-shabaka/3-clean-zoom/1-init-zoom.png, id=83, 1281.78876pt x 1281.78876
pt>
File: media/2-shabaka/3-clean-zoom/1-init-zoom.png Graphic file (type png)
 <use media/2-shabaka/3-clean-zoom/1-init-zoom.png>
Package pdftex.def Info: media/2-shabaka/3-clean-zoom/1-init-zoom.png used on i
nput line 27.
(pdftex.def)             Requested size: 108.96037pt x 108.96037pt.

<media/2-shabaka/3-clean-zoom/2-badfacets-zoom.png, id=84, 1281.78876pt x 1281.
78876pt>
File: media/2-shabaka/3-clean-zoom/2-badfacets-zoom.png Graphic file (type png)

 <use media/2-shabaka/3-clean-zoom/2-badfacets-zoom.png>
Package pdftex.def Info: media/2-shabaka/3-clean-zoom/2-badfacets-zoom.png used
 on input line 30.
(pdftex.def)             Requested size: 108.96037pt x 108.96037pt.

<media/2-shabaka/3-clean-zoom/3-badsegs-zoom.png, id=85, 1281.78876pt x 1281.78
876pt>
File: media/2-shabaka/3-clean-zoom/3-badsegs-zoom.png Graphic file (type png)
 <use media/2-shabaka/3-clean-zoom/3-badsegs-zoom.png>
Package pdftex.def Info: media/2-shabaka/3-clean-zoom/3-badsegs-zoom.png used o
n input line 33.
(pdftex.def)             Requested size: 108.96037pt x 108.96037pt.

<media/2-shabaka/3-clean-zoom/4-fine-zoom.png, id=86, 1281.78876pt x 1281.78876
pt>
File: media/2-shabaka/3-clean-zoom/4-fine-zoom.png Graphic file (type png)
 <use media/2-shabaka/3-clean-zoom/4-fine-zoom.png>
Package pdftex.def Info: media/2-shabaka/3-clean-zoom/4-fine-zoom.png used on i
nput line 36.
(pdftex.def)             Requested size: 108.96037pt x 108.96037pt.

<media/2-shabaka/4-clean/1-init.png, id=87, 1465.475pt x 1693.32625pt>
File: media/2-shabaka/4-clean/1-init.png Graphic file (type png)

<use media/2-shabaka/4-clean/1-init.png>
Package pdftex.def Info: media/2-shabaka/4-clean/1-init.png used on input line 
46.
(pdftex.def)             Requested size: 109.90588pt x 126.99399pt.

<media/2-shabaka/4-clean/2-badfacets.png, id=88, 1465.475pt x 1693.32625pt>
File: media/2-shabaka/4-clean/2-badfacets.png Graphic file (type png)

<use media/2-shabaka/4-clean/2-badfacets.png>
Package pdftex.def Info: media/2-shabaka/4-clean/2-badfacets.png used on input 
line 49.
(pdftex.def)             Requested size: 109.90588pt x 126.99399pt.

<media/2-shabaka/4-clean/3-badsegs.png, id=89, 1465.475pt x 1693.32625pt>
File: media/2-shabaka/4-clean/3-badsegs.png Graphic file (type png)

<use media/2-shabaka/4-clean/3-badsegs.png>
Package pdftex.def Info: media/2-shabaka/4-clean/3-badsegs.png used on input li
ne 52.
(pdftex.def)             Requested size: 109.90588pt x 126.99399pt.

<media/2-shabaka/4-clean/4-fine.png, id=90, 1465.475pt x 1693.32625pt>
File: media/2-shabaka/4-clean/4-fine.png Graphic file (type png)

<use media/2-shabaka/4-clean/4-fine.png>
Package pdftex.def Info: media/2-shabaka/4-clean/4-fine.png used on input line 
55.
(pdftex.def)             Requested size: 109.90588pt x 126.99399pt.

<media/2-shabaka/2-surf/1-seg.png, id=91, 1465.475pt x 1693.32625pt>
File: media/2-shabaka/2-surf/1-seg.png Graphic file (type png)

<use media/2-shabaka/2-surf/1-seg.png>
Package pdftex.def Info: media/2-shabaka/2-surf/1-seg.png used on input line 65
.
(pdftex.def)             Requested size: 146.55608pt x 169.34254pt.

<media/2-shabaka/2-surf/2-normals.png, id=92, 1465.475pt x 1693.32625pt>
File: media/2-shabaka/2-surf/2-normals.png Graphic file (type png)

<use media/2-shabaka/2-surf/2-normals.png>
Package pdftex.def Info: media/2-shabaka/2-surf/2-normals.png used on input lin
e 68.
(pdftex.def)             Requested size: 146.55608pt x 169.34254pt.

<media/2-shabaka/2-surf/3-ptcloud.png, id=93, 1465.475pt x 1693.32625pt>
File: media/2-shabaka/2-surf/3-ptcloud.png Graphic file (type png)

<use media/2-shabaka/2-surf/3-ptcloud.png>
Package pdftex.def Info: media/2-shabaka/2-surf/3-ptcloud.png used on input lin
e 71.
(pdftex.def)             Requested size: 146.55608pt x 169.34254pt.

<media/2-shabaka/2-surf/4-finesurf.png, id=94, 1465.475pt x 1693.32625pt>
File: media/2-shabaka/2-surf/4-finesurf.png Graphic file (type png)

<use media/2-shabaka/2-surf/4-finesurf.png>
Package pdftex.def Info: media/2-shabaka/2-surf/4-finesurf.png used on input li
ne 74.
(pdftex.def)             Requested size: 146.55608pt x 169.34254pt.

<media/2-shabaka/2-surf/5-surf.png, id=95, 1465.475pt x 1693.32625pt>
File: media/2-shabaka/2-surf/5-surf.png Graphic file (type png)

<use media/2-shabaka/2-surf/5-surf.png>
Package pdftex.def Info: media/2-shabaka/2-surf/5-surf.png used on input line 7
7.
(pdftex.def)             Requested size: 146.55608pt x 169.34254pt.


LaTeX Warning: Float too large for page by 6.95142pt on input line 81.

<media/2-shabaka/2-surf/6-showcase.png, id=96, 2368.85pt x 739.76375pt>
File: media/2-shabaka/2-surf/6-showcase.png Graphic file (type png)

<use media/2-shabaka/2-surf/6-showcase.png>
Package pdftex.def Info: media/2-shabaka/2-surf/6-showcase.png used on input li
ne 86.
(pdftex.def)             Requested size: 455.30121pt x 142.18202pt.

<media/2-shabaka/2-surf/7-shabaka.png, id=97, 1652.67438pt x 955.06813pt>
File: media/2-shabaka/2-surf/7-shabaka.png Graphic file (type png)

<use media/2-shabaka/2-surf/7-shabaka.png>
Package pdftex.def Info: media/2-shabaka/2-surf/7-shabaka.png used on input lin
e 94.
(pdftex.def)             Requested size: 455.30121pt x 263.1036pt.

<media/4-cardioid/0-ventriclesurf.png, id=98, 1478.52374pt x 1254.6875pt>
File: media/4-cardioid/0-ventriclesurf.png Graphic file (type png)

<use media/4-cardioid/0-ventriclesurf.png>
Package pdftex.def Info: media/4-cardioid/0-ventriclesurf.png used on input lin
e 103.
(pdftex.def)             Requested size: 206.99191pt x 175.65504pt.

<media/4-cardioid/1-tet.png, id=99, 1478.52374pt x 1254.6875pt>
File: media/4-cardioid/1-tet.png Graphic file (type png)

<use media/4-cardioid/1-tet.png>
Package pdftex.def Info: media/4-cardioid/1-tet.png used on input line 106.
(pdftex.def)             Requested size: 206.99191pt x 175.65504pt.

<media/3-celeris/1-brep.png, id=100, 1037.8775pt x 849.1725pt>
File: media/3-celeris/1-brep.png Graphic file (type png)

<use media/3-celeris/1-brep.png>
Package pdftex.def Info: media/3-celeris/1-brep.png used on input line 116.
(pdftex.def)             Requested size: 207.57182pt x 169.83148pt.

<media/3-celeris/2-hex.png, id=101, 1037.8775pt x 849.1725pt>
File: media/3-celeris/2-hex.png Graphic file (type png)

<use media/3-celeris/2-hex.png>
Package pdftex.def Info: media/3-celeris/2-hex.png used on input line 119.
(pdftex.def)             Requested size: 207.57182pt x 169.83148pt.

<media/3-celeris/3-pmesh.png, id=102, 1037.8775pt x 849.1725pt>
File: media/3-celeris/3-pmesh.png Graphic file (type png)

<use media/3-celeris/3-pmesh.png>
Package pdftex.def Info: media/3-celeris/3-pmesh.png used on input line 122.
(pdftex.def)             Requested size: 207.57182pt x 169.83148pt.

<media/3-celeris/4-clip.png, id=103, 1037.8775pt x 849.1725pt>
File: media/3-celeris/4-clip.png Graphic file (type png)

<use media/3-celeris/4-clip.png>
Package pdftex.def Info: media/3-celeris/4-clip.png used on input line 125.
(pdftex.def)             Requested size: 207.57182pt x 169.83148pt.

<media/3-celeris/5-color.png, id=104, 1037.8775pt x 849.1725pt>
File: media/3-celeris/5-color.png Graphic file (type png)

<use media/3-celeris/5-color.png>
Package pdftex.def Info: media/3-celeris/5-color.png used on input line 128.
(pdftex.def)             Requested size: 207.57182pt x 169.83148pt.


LaTeX Warning: Float too large for page by 7.8099pt on input line 132.

<media/3-celeris/zoom/zoom1.png, id=105, 1013.7875pt x 850.17625pt>
File: media/3-celeris/zoom/zoom1.png Graphic file (type png)

<use media/3-celeris/zoom/zoom1.png>
Package pdftex.def Info: media/3-celeris/zoom/zoom1.png used on input line 138.

(pdftex.def)             Requested size: 126.72313pt x 106.27176pt.

<media/3-celeris/zoom/zoom2.png, id=106, 1013.7875pt x 850.17625pt>
File: media/3-celeris/zoom/zoom2.png Graphic file (type png)

<use media/3-celeris/zoom/zoom2.png>
Package pdftex.def Info: media/3-celeris/zoom/zoom2.png used on input line 141.

(pdftex.def)             Requested size: 126.72313pt x 106.27176pt.

<media/3-celeris/zoom/zoom3.png, id=107, 1013.7875pt x 850.17625pt>
File: media/3-celeris/zoom/zoom3.png Graphic file (type png)

<use media/3-celeris/zoom/zoom3.png>
Package pdftex.def Info: media/3-celeris/zoom/zoom3.png used on input line 144.

(pdftex.def)             Requested size: 126.72313pt x 106.27176pt.

<media/3-celeris/zoom/zoom4.png, id=108, 1013.7875pt x 850.17625pt>
File: media/3-celeris/zoom/zoom4.png Graphic file (type png)

<use media/3-celeris/zoom/zoom4.png>
Package pdftex.def Info: media/3-celeris/zoom/zoom4.png used on input line 147.

(pdftex.def)             Requested size: 126.72313pt x 106.27176pt.

<media/3-celeris/zoom/zoom5.png, id=109, 1013.7875pt x 850.17625pt>
File: media/3-celeris/zoom/zoom5.png Graphic file (type png)

<use media/3-celeris/zoom/zoom5.png>
Package pdftex.def Info: media/3-celeris/zoom/zoom5.png used on input line 150.

(pdftex.def)             Requested size: 126.72313pt x 106.27176pt.

<media/3-celeris/zoom/zoom6.png, id=110, 1013.7875pt x 850.17625pt>
File: media/3-celeris/zoom/zoom6.png Graphic file (type png)

<use media/3-celeris/zoom/zoom6.png>
Package pdftex.def Info: media/3-celeris/zoom/zoom6.png used on input line 153.

(pdftex.def)             Requested size: 126.72313pt x 106.27176pt.

<media/3-celeris/7-suite.png, id=111, 1856.9375pt x 939.51pt>
File: media/3-celeris/7-suite.png Graphic file (type png)

<use media/3-celeris/7-suite.png>
Package pdftex.def Info: media/3-celeris/7-suite.png used on input line 161.
(pdftex.def)             Requested size: 455.30121pt x 230.34682pt.

Underfull \hbox (badness 10000) in paragraph at lines 173--174

 []

[6



 <./media/2-shabaka/1-vor/dem1.png> <./media/2-shabaka/1-vor/dem2.png> <./media
/2-shabaka/1-vor/dem3.png> <./media/2-shabaka/1-vor/dem4.png>]
Underfull \hbox (badness 10000) in paragraph at lines 180--181

 []


Underfull \hbox (badness 10000) in paragraph at lines 184--185

 []


Underfull \hbox (badness 10000) in paragraph at lines 186--187

 []


Underfull \hbox (badness 10000) in paragraph at lines 188--189

 []


Underfull \hbox (badness 10000) in paragraph at lines 190--191

 []


Underfull \hbox (badness 10000) in paragraph at lines 192--195

 []

[7 <./media/2-shabaka/3-clean-zoom/1-init-zoom.png> <./media/2-shabaka/3-clean-
zoom/2-badfacets-zoom.png> <./media/2-shabaka/3-clean-zoom/3-badsegs-zoom.png> 
<./media/2-shabaka/3-clean-zoom/4-fine-zoom.png>]
Underfull \hbox (badness 10000) in paragraph at lines 196--202

 []


Underfull \hbox (badness 10000) in paragraph at lines 203--206

 []

[8 <./media/2-shabaka/4-clean/1-init.png> <./media/2-shabaka/4-clean/2-badfacet
s.png> <./media/2-shabaka/4-clean/3-badsegs.png> <./media/2-shabaka/4-clean/4-f
ine.png>]
Underfull \hbox (badness 10000) in paragraph at lines 207--209

 []


Underfull \hbox (badness 10000) in paragraph at lines 210--212

 []


Underfull \hbox (badness 10000) in paragraph at lines 213--216

 []


Underfull \hbox (badness 10000) in paragraph at lines 217--218

 []

Missing character: There is no ‚ in font cmr12!
Missing character: There is no Ä in font cmr12!
Missing character: There is no ô in font cmr12!

Overfull \hbox (50.71309pt too wide) in paragraph at lines 243--246
[]\OT1/cmr/m/n/12 see you at WCCM Ross Cot-tons re-cently pub-lished pa-per Ros
s Cot-ton, r.cotton@simpleware.com 
 []

[9]
Underfull \hbox (badness 10000) in paragraph at lines 260--265

 []


Underfull \hbox (badness 10000) in paragraph at lines 266--267

 []


Underfull \hbox (badness 10000) in paragraph at lines 268--271

 []


Underfull \hbox (badness 10000) in paragraph at lines 275--277

 []

) [10] [11] [12 <./media/2-shabaka/2-surf/1-seg.png> <./media/2-shabaka/2-surf/
2-normals.png> <./media/2-shabaka/2-surf/3-ptcloud.png> <./media/2-shabaka/2-su
rf/4-finesurf.png> <./media/2-shabaka/2-surf/5-surf.png>] [13 <./media/2-shabak
a/2-surf/6-showcase.png> <./media/2-shabaka/2-surf/7-shabaka.png>] [14 <./media
/4-cardioid/0-ventriclesurf.png> <./media/4-cardioid/1-tet.png>] [15 <./media/3
-celeris/1-brep.png> <./media/3-celeris/2-hex.png> <./media/3-celeris/3-pmesh.p
ng> <./media/3-celeris/4-clip.png> <./media/3-celeris/5-color.png>] [16 <./medi
a/3-celeris/zoom/zoom1.png> <./media/3-celeris/zoom/zoom2.png> <./media/3-celer
is/zoom/zoom3.png> <./media/3-celeris/zoom/zoom4.png> <./media/3-celeris/zoom/z
oom5.png> <./media/3-celeris/zoom/zoom6.png> <./media/3-celeris/7-suite.png>]
\openout2 = `chap5-numerical-methods.aux'.


(./chap5-numerical-methods.tex
Chapter 5.
)
Overfull \hbox (91.06682pt too wide) in paragraph at lines 28--116
\OT1/cmr/m/n/12 https://gaoxifeng.github.io/research.html $[]$ 
 []

[17



]
\openout2 = `chap6-application-cardiac-mechanics.aux'.

 (./chap6-application-cardiac-mechanics.tex
Chapter 6.
<media/4-cardioid/2-activationtime.png, id=161, 2112.89375pt x 1254.6875pt>
File: media/4-cardioid/2-activationtime.png Graphic file (type png)

<use media/4-cardioid/2-activationtime.png>
Package pdftex.def Info: media/4-cardioid/2-activationtime.png used on input li
ne 8.
(pdftex.def)             Requested size: 185.92877pt x 110.40901pt.

<media/4-cardioid/3-fibers.png, id=162, 1478.52374pt x 1254.6875pt>
File: media/4-cardioid/3-fibers.png Graphic file (type png)

<use media/4-cardioid/3-fibers.png>
Package pdftex.def Info: media/4-cardioid/3-fibers.png used on input line 11.
(pdftex.def)             Requested size: 130.10597pt x 110.40901pt.

<media/4-cardioid/4-tagged.png, id=163, 1478.52374pt x 1254.6875pt>
File: media/4-cardioid/4-tagged.png Graphic file (type png)

<use media/4-cardioid/4-tagged.png>
Package pdftex.def Info: media/4-cardioid/4-tagged.png used on input line 14.
(pdftex.def)             Requested size: 130.10597pt x 110.40901pt.


pdfTeX warning: /Library/TeX/texbin/pdflatex (file ./media/4-cardioid/5-pv/pres
sure_volume-1.pdf): PDF inclusion: found PDF version <1.6>, but at most version
 <1.5> allowed
<media/4-cardioid/5-pv/pressure_volume-1.pdf, id=164, 431.6125pt x 313.17pt>
File: media/4-cardioid/5-pv/pressure_volume-1.pdf Graphic file (type pdf)

<use media/4-cardioid/5-pv/pressure_volume-1.pdf>
Package pdftex.def Info: media/4-cardioid/5-pv/pressure_volume-1.pdf used on in
put line 24.
(pdftex.def)             Requested size: 215.80571pt x 156.58461pt.


pdfTeX warning: /Library/TeX/texbin/pdflatex (file ./media/4-cardioid/5-pv/pres
sure_volume-2.pdf): PDF inclusion: found PDF version <1.6>, but at most version
 <1.5> allowed
<media/4-cardioid/5-pv/pressure_volume-2.pdf, id=165, 432.61626pt x 313.17pt>
File: media/4-cardioid/5-pv/pressure_volume-2.pdf Graphic file (type pdf)

<use media/4-cardioid/5-pv/pressure_volume-2.pdf>
Package pdftex.def Info: media/4-cardioid/5-pv/pressure_volume-2.pdf used on in
put line 27.
(pdftex.def)             Requested size: 216.3076pt x 156.58461pt.

<media/4-cardioid/6-vid/a.png, id=166, 3815.25375pt x 1806.75pt>
File: media/4-cardioid/6-vid/a.png Graphic file (type png)

<use media/4-cardioid/6-vid/a.png>
Package pdftex.def Info: media/4-cardioid/6-vid/a.png used on input line 37.
(pdftex.def)             Requested size: 228.90535pt x 108.40031pt.

<media/4-cardioid/6-vid/b.png, id=167, 3815.25375pt x 1806.75pt>
File: media/4-cardioid/6-vid/b.png Graphic file (type png)

<use media/4-cardioid/6-vid/b.png>
Package pdftex.def Info: media/4-cardioid/6-vid/b.png used on input line 40.
(pdftex.def)             Requested size: 228.90535pt x 108.40031pt.

<media/4-cardioid/6-vid/c.png, id=168, 3815.25375pt x 1806.75pt>
File: media/4-cardioid/6-vid/c.png Graphic file (type png)

<use media/4-cardioid/6-vid/c.png>
Package pdftex.def Info: media/4-cardioid/6-vid/c.png used on input line 43.
(pdftex.def)             Requested size: 228.90535pt x 108.40031pt.

<media/4-cardioid/6-vid/d.png, id=169, 3815.25375pt x 1806.75pt>
File: media/4-cardioid/6-vid/d.png Graphic file (type png)

<use media/4-cardioid/6-vid/d.png>
Package pdftex.def Info: media/4-cardioid/6-vid/d.png used on input line 46.
(pdftex.def)             Requested size: 228.90535pt x 108.40031pt.

<media/5-verif/1-gurev2/gurev2.png, id=170, 992.70876pt x 846.16125pt>
File: media/5-verif/1-gurev2/gurev2.png Graphic file (type png)

<use media/5-verif/1-gurev2/gurev2.png>
Package pdftex.def Info: media/5-verif/1-gurev2/gurev2.png used on input line 5
6.
(pdftex.def)             Requested size: 178.67987pt x 152.30244pt.

<media/5-verif/2-gurev3/gurev3.png, id=171, 992.70876pt x 443.6575pt>
File: media/5-verif/2-gurev3/gurev3.png Graphic file (type png)

<use media/5-verif/2-gurev3/gurev3.png>
Package pdftex.def Info: media/5-verif/2-gurev3/gurev3.png used on input line 5
9.
(pdftex.def)             Requested size: 178.67987pt x 79.85489pt.

<media/5-verif/3-gurev4/gurev4.png, id=172, 992.70876pt x 443.6575pt>
File: media/5-verif/3-gurev4/gurev4.png Graphic file (type png)

<use media/5-verif/3-gurev4/gurev4.png>
Package pdftex.def Info: media/5-verif/3-gurev4/gurev4.png used on input line 6
2.
(pdftex.def)             Requested size: 178.67987pt x 79.85489pt.

<media/5-verif/4-land1/land1.png, id=173, 992.70876pt x 631.35875pt>
File: media/5-verif/4-land1/land1.png Graphic file (type png)

<use media/5-verif/4-land1/land1.png>
Package pdftex.def Info: media/5-verif/4-land1/land1.png used on input line 65.

(pdftex.def)             Requested size: 178.67987pt x 113.63966pt.

<media/5-verif/5-land2/land2-1.png, id=174, 1192.455pt x 730.73pt>
File: media/5-verif/5-land2/land2-1.png Graphic file (type png)

<use media/5-verif/5-land2/land2-1.png>
Package pdftex.def Info: media/5-verif/5-land2/land2-1.png used on input line 7
5.
(pdftex.def)             Requested size: 214.63264pt x 131.52571pt.

<media/5-verif/5-land2/land2-2.png, id=175, 1235.61626pt x 783.92876pt>
File: media/5-verif/5-land2/land2-2.png Graphic file (type png)

<use media/5-verif/5-land2/land2-2.png>
Package pdftex.def Info: media/5-verif/5-land2/land2-2.png used on input line 7
8.
(pdftex.def)             Requested size: 222.40132pt x 141.10109pt.

<media/5-verif/6-land3/land3-1.png, id=176, 1192.455pt x 730.73pt>
File: media/5-verif/6-land3/land3-1.png Graphic file (type png)

<use media/5-verif/6-land3/land3-1.png>
Package pdftex.def Info: media/5-verif/6-land3/land3-1.png used on input line 8
1.
(pdftex.def)             Requested size: 214.63264pt x 131.52571pt.

<media/5-verif/6-land3/land3-2.png, id=177, 1342.01375pt x 727.71875pt>
File: media/5-verif/6-land3/land3-2.png Graphic file (type png)

<use media/5-verif/6-land3/land3-2.png>
Package pdftex.def Info: media/5-verif/6-land3/land3-2.png used on input line 8
4.
(pdftex.def)             Requested size: 214.72658pt x 116.43738pt.


pdfTeX warning: /Library/TeX/texbin/pdflatex (file ./media/5-verif/1-gurev2/gur
ev2-1.pdf): PDF inclusion: found PDF version <1.6>, but at most version <1.5> a
llowed
<media/5-verif/1-gurev2/gurev2-1.pdf, id=178, 432.61626pt x 313.17pt>
File: media/5-verif/1-gurev2/gurev2-1.pdf Graphic file (type pdf)

<use media/5-verif/1-gurev2/gurev2-1.pdf>
Package pdftex.def Info: media/5-verif/1-gurev2/gurev2-1.pdf used on input line
 94.
(pdftex.def)             Requested size: 216.3076pt x 156.58461pt.


pdfTeX warning: /Library/TeX/texbin/pdflatex (file ./media/5-verif/1-gurev2/gur
ev2-2.pdf): PDF inclusion: found PDF version <1.6>, but at most version <1.5> a
llowed
<media/5-verif/1-gurev2/gurev2-2.pdf, id=179, 326.21875pt x 313.17pt>
File: media/5-verif/1-gurev2/gurev2-2.pdf Graphic file (type pdf)

<use media/5-verif/1-gurev2/gurev2-2.pdf>
Package pdftex.def Info: media/5-verif/1-gurev2/gurev2-2.pdf used on input line
 97.
(pdftex.def)             Requested size: 163.10896pt x 156.58461pt.


pdfTeX warning: /Library/TeX/texbin/pdflatex (file ./media/5-verif/2-gurev3/gur
ev3-1.pdf): PDF inclusion: found PDF version <1.6>, but at most version <1.5> a
llowed
<media/5-verif/2-gurev3/gurev3-1.pdf, id=180, 432.61626pt x 313.17pt>
File: media/5-verif/2-gurev3/gurev3-1.pdf Graphic file (type pdf)

<use media/5-verif/2-gurev3/gurev3-1.pdf>
Package pdftex.def Info: media/5-verif/2-gurev3/gurev3-1.pdf used on input line
 107.
(pdftex.def)             Requested size: 216.3076pt x 156.58461pt.


pdfTeX warning: /Library/TeX/texbin/pdflatex (file ./media/5-verif/2-gurev3/gur
ev3-2.pdf): PDF inclusion: found PDF version <1.6>, but at most version <1.5> a
llowed
<media/5-verif/2-gurev3/gurev3-2.pdf, id=181, 326.21875pt x 313.17pt>
File: media/5-verif/2-gurev3/gurev3-2.pdf Graphic file (type pdf)

<use media/5-verif/2-gurev3/gurev3-2.pdf>
Package pdftex.def Info: media/5-verif/2-gurev3/gurev3-2.pdf used on input line
 110.
(pdftex.def)             Requested size: 163.10896pt x 156.58461pt.


pdfTeX warning: /Library/TeX/texbin/pdflatex (file ./media/5-verif/3-gurev4/gur
ev4-1.pdf): PDF inclusion: found PDF version <1.6>, but at most version <1.5> a
llowed
<media/5-verif/3-gurev4/gurev4-1.pdf, id=182, 432.61626pt x 313.17pt>
File: media/5-verif/3-gurev4/gurev4-1.pdf Graphic file (type pdf)

<use media/5-verif/3-gurev4/gurev4-1.pdf>
Package pdftex.def Info: media/5-verif/3-gurev4/gurev4-1.pdf used on input line
 120.
(pdftex.def)             Requested size: 216.3076pt x 156.58461pt.


pdfTeX warning: /Library/TeX/texbin/pdflatex (file ./media/5-verif/3-gurev4/gur
ev4-2.pdf): PDF inclusion: found PDF version <1.6>, but at most version <1.5> a
llowed
<media/5-verif/3-gurev4/gurev4-2.pdf, id=183, 326.21875pt x 313.17pt>
File: media/5-verif/3-gurev4/gurev4-2.pdf Graphic file (type pdf)

<use media/5-verif/3-gurev4/gurev4-2.pdf>
Package pdftex.def Info: media/5-verif/3-gurev4/gurev4-2.pdf used on input line
 123.
(pdftex.def)             Requested size: 163.10896pt x 156.58461pt.


pdfTeX warning: /Library/TeX/texbin/pdflatex (file ./media/5-verif/4-land1/land
1-1.pdf): PDF inclusion: found PDF version <1.6>, but at most version <1.5> all
owed
<media/5-verif/4-land1/land1-1.pdf, id=184, 432.61626pt x 314.17375pt>
File: media/5-verif/4-land1/land1-1.pdf Graphic file (type pdf)

<use media/5-verif/4-land1/land1-1.pdf>
Package pdftex.def Info: media/5-verif/4-land1/land1-1.pdf used on input line 1
33.
(pdftex.def)             Requested size: 216.3076pt x 157.08649pt.


pdfTeX warning: /Library/TeX/texbin/pdflatex (file ./media/5-verif/4-land1/land
1-2.pdf): PDF inclusion: found PDF version <1.6>, but at most version <1.5> all
owed
<media/5-verif/4-land1/land1-2.pdf, id=185, 326.21875pt x 313.17pt>
File: media/5-verif/4-land1/land1-2.pdf Graphic file (type pdf)

<use media/5-verif/4-land1/land1-2.pdf>
Package pdftex.def Info: media/5-verif/4-land1/land1-2.pdf used on input line 1
36.
(pdftex.def)             Requested size: 163.10896pt x 156.58461pt.


pdfTeX warning: /Library/TeX/texbin/pdflatex (file ./media/5-verif/4-land1/land
1-3.pdf): PDF inclusion: found PDF version <1.6>, but at most version <1.5> all
owed
<media/5-verif/4-land1/land1-3.pdf, id=186, 431.6125pt x 313.17pt>
File: media/5-verif/4-land1/land1-3.pdf Graphic file (type pdf)

<use media/5-verif/4-land1/land1-3.pdf>
Package pdftex.def Info: media/5-verif/4-land1/land1-3.pdf used on input line 1
39.
(pdftex.def)             Requested size: 215.80571pt x 156.58461pt.


pdfTeX warning: /Library/TeX/texbin/pdflatex (file ./media/5-verif/5-land2/land
2-1.pdf): PDF inclusion: found PDF version <1.6>, but at most version <1.5> all
owed
<media/5-verif/5-land2/land2-1.pdf, id=187, 235.88126pt x 417.56pt>
File: media/5-verif/5-land2/land2-1.pdf Graphic file (type pdf)

<use media/5-verif/5-land2/land2-1.pdf>
Package pdftex.def Info: media/5-verif/5-land2/land2-1.pdf used on input line 1
50.
(pdftex.def)             Requested size: 117.94034pt x 208.77948pt.


pdfTeX warning: /Library/TeX/texbin/pdflatex (file ./media/5-verif/5-land2/land
2-2.pdf): PDF inclusion: found PDF version <1.6>, but at most version <1.5> all
owed
<media/5-verif/5-land2/land2-2.pdf, id=188, 213.29688pt x 409.53pt>
File: media/5-verif/5-land2/land2-2.pdf Graphic file (type pdf)

<use media/5-verif/5-land2/land2-2.pdf>
Package pdftex.def Info: media/5-verif/5-land2/land2-2.pdf used on input line 1
53.
(pdftex.def)             Requested size: 106.64816pt x 204.7645pt.


pdfTeX warning: /Library/TeX/texbin/pdflatex (file ./media/5-verif/5-land2/land
2-3.pdf): PDF inclusion: found PDF version <1.6>, but at most version <1.5> all
owed
<media/5-verif/5-land2/land2-3.pdf, id=189, 431.6125pt x 313.17pt>
File: media/5-verif/5-land2/land2-3.pdf Graphic file (type pdf)

<use media/5-verif/5-land2/land2-3.pdf>
Package pdftex.def Info: media/5-verif/5-land2/land2-3.pdf used on input line 1
56.
(pdftex.def)             Requested size: 215.80571pt x 156.58461pt.


pdfTeX warning: /Library/TeX/texbin/pdflatex (file ./media/5-verif/6-land3/land
3-1.pdf): PDF inclusion: found PDF version <1.6>, but at most version <1.5> all
owed
<media/5-verif/6-land3/land3-1.pdf, id=190, 235.88126pt x 417.56pt>
File: media/5-verif/6-land3/land3-1.pdf Graphic file (type pdf)

<use media/5-verif/6-land3/land3-1.pdf>
Package pdftex.def Info: media/5-verif/6-land3/land3-1.pdf used on input line 1
66.
(pdftex.def)             Requested size: 117.94034pt x 208.77948pt.


pdfTeX warning: /Library/TeX/texbin/pdflatex (file ./media/5-verif/6-land3/land
3-2.pdf): PDF inclusion: found PDF version <1.6>, but at most version <1.5> all
owed
<media/5-verif/6-land3/land3-2.pdf, id=191, 213.29688pt x 409.53pt>
File: media/5-verif/6-land3/land3-2.pdf Graphic file (type pdf)

<use media/5-verif/6-land3/land3-2.pdf>
Package pdftex.def Info: media/5-verif/6-land3/land3-2.pdf used on input line 1
69.
(pdftex.def)             Requested size: 106.64816pt x 204.7645pt.


pdfTeX warning: /Library/TeX/texbin/pdflatex (file ./media/5-verif/6-land3/land
3-3.pdf): PDF inclusion: found PDF version <1.6>, but at most version <1.5> all
owed
<media/5-verif/6-land3/land3-3.pdf, id=192, 532.99126pt x 204.86035pt>
File: media/5-verif/6-land3/land3-3.pdf Graphic file (type pdf)

<use media/5-verif/6-land3/land3-3.pdf>
Package pdftex.def Info: media/5-verif/6-land3/land3-3.pdf used on input line 1
79.
(pdftex.def)             Requested size: 266.49498pt x 102.42992pt.


pdfTeX warning: /Library/TeX/texbin/pdflatex (file ./media/5-verif/6-land3/land
3-4.pdf): PDF inclusion: found PDF version <1.6>, but at most version <1.5> all
owed
<media/5-verif/6-land3/land3-4.pdf, id=193, 214.8025pt x 204.765pt>
File: media/5-verif/6-land3/land3-4.pdf Graphic file (type pdf)

<use media/5-verif/6-land3/land3-4.pdf>
Package pdftex.def Info: media/5-verif/6-land3/land3-4.pdf used on input line 1
82.
(pdftex.def)             Requested size: 107.40099pt x 102.38223pt.


pdfTeX warning: /Library/TeX/texbin/pdflatex (file ./media/5-verif/6-land3/land
3-5.pdf): PDF inclusion: found PDF version <1.6>, but at most version <1.5> all
owed
<media/5-verif/6-land3/land3-5.pdf, id=194, 431.6125pt x 313.17pt>
File: media/5-verif/6-land3/land3-5.pdf Graphic file (type pdf)

<use media/5-verif/6-land3/land3-5.pdf>
Package pdftex.def Info: media/5-verif/6-land3/land3-5.pdf used on input line 1
85.
(pdftex.def)             Requested size: 215.80571pt x 156.58461pt.
Missing character: There is no ‚ in font cmr12!
Missing character: There is no Ä in font cmr12!
Missing character: There is no ì in font cmr12!
Missing character: There is no ‚ in font cmr12!
Missing character: There is no Ä in font cmr12!
Missing character: There is no ì in font cmr12!
 [18



 <./media/4-cardioid/2-activationtime.png> <./media/4-cardioid/3-fibers.png> <.
/media/4-cardioid/4-tagged.png>]
Missing character: There is no ‚ in font cmr12!
Missing character: There is no Ä in font cmr12!
Missing character: There is no ô in font cmr12!
Missing character: There is no ¬ in font cmr12!
Missing character: There is no ≠ in font cmr12!

[19 <./media/4-cardioid/5-pv/pressure_volume-1.pdf> <./media/4-cardioid/5-pv/pr
essure_volume-2.pdf>]

LaTeX Warning: Text page 20 contains only floats.

[20 <./media/4-cardioid/6-vid/a.png (PNG copy)> <./media/4-cardioid/6-vid/b.png
 (PNG copy)> <./media/4-cardioid/6-vid/c.png (PNG copy)> <./media/4-cardioid/6-
vid/d.png (PNG copy)>]
Missing character: There is no ‚ in font cmr12!
Missing character: There is no Ä in font cmr12!
Missing character: There is no ì in font cmr12!
Missing character: There is no ‚ in font cmr12!
Missing character: There is no Ä in font cmr12!
Missing character: There is no ì in font cmr12!
 [21 <./media/5-verif/1-gurev2/gurev2.png> <./media/5-verif/2-gurev3/gurev3.png
> <./media/5-verif/3-gurev4/gurev4.png> <./media/5-verif/4-land1/land1.png>]
Missing character: There is no ‚ in font cmr12!
Missing character: There is no Ä in font cmr12!
Missing character: There is no ú in font cmr12!
Missing character: There is no ‚ in font cmr12!
Missing character: There is no Ä in font cmr12!
Missing character: There is no ù in font cmr12!
Missing character: There is no ‚ in font cmr12!
Missing character: There is no Ä in font cmr12!
Missing character: There is no ú in font cmr12!
Missing character: There is no ‚ in font cmr12!
Missing character: There is no Ä in font cmr12!
Missing character: There is no ù in font cmr12!
Missing character: There is no ‚ in font cmr12!
Missing character: There is no Ä in font cmr12!
Missing character: There is no ì in font cmr12!
 [22 <./media/5-verif/5-land2/land2-1.png> <./media/5-verif/5-land2/land2-2.png
> <./media/5-verif/6-land3/land3-1.png> <./media/5-verif/6-land3/land3-2.png>] 
[23 <./media/5-verif/1-gurev2/gurev2-1.pdf> <./media/5-verif/1-gurev2/gurev2-2.
pdf> <./media/5-verif/2-gurev3/gurev3-1.pdf> <./media/5-verif/2-gurev3/gurev3-2
.pdf>]
Missing character: There is no ‚ in font cmr12!
Missing character: There is no Ä in font cmr12!
Missing character: There is no ô in font cmr12!
 [24 <./media/5-verif/3-gurev4/gurev4-1.pdf> <./media/5-verif/3-gurev4/gurev4-2
.pdf>]
Missing character: There is no ‚ in font cmr12!
Missing character: There is no Ä in font cmr12!
Missing character: There is no ô in font cmr12!
 [25 <./media/5-verif/4-land1/land1-1.pdf> <./media/5-verif/4-land1/land1-2.pdf
> <./media/5-verif/4-land1/land1-3.pdf>])
[26 <./media/5-verif/5-land2/land2-1.pdf> <./media/5-verif/5-land2/land2-2.pdf>
 <./media/5-verif/5-land2/land2-3.pdf>] [27 <./media/5-verif/6-land3/land3-1.pd
f> <./media/5-verif/6-land3/land3-2.pdf>] [28 <./media/5-verif/6-land3/land3-3.
pdf> <./media/5-verif/6-land3/land3-4.pdf> <./media/5-verif/6-land3/land3-5.pdf
>]
\openout2 = `chap7-future-work.aux'.

 (./chap7-future-work.tex
Chapter 7.
<media/7-polyknee/fullmesh.png, id=447, 698.1282pt x 245.718pt>
File: media/7-polyknee/fullmesh.png Graphic file (type png)

<use media/7-polyknee/fullmesh.png>
Package pdftex.def Info: media/7-polyknee/fullmesh.png used on input line 5.
(pdftex.def)             Requested size: 455.30121pt x 160.25096pt.

<media/6-3dprint/3dprint.jpg, id=448, 4047.12pt x 2244.385pt>
File: media/6-3dprint/3dprint.jpg Graphic file (type jpg)

<use media/6-3dprint/3dprint.jpg>
Package pdftex.def Info: media/6-3dprint/3dprint.jpg used on input line 13.
(pdftex.def)             Requested size: 455.30121pt x 252.4653pt.

<media/3-celeris/8-celeris.png, id=449, 952.55875pt x 881.2925pt>
File: media/3-celeris/8-celeris.png Graphic file (type png)

<use media/3-celeris/8-celeris.png>
Package pdftex.def Info: media/3-celeris/8-celeris.png used on input line 23.
(pdftex.def)             Requested size: 142.87764pt x 132.18817pt.

<media/3-celeris/9-cardioid.png, id=450, 952.55875pt x 881.2925pt>
File: media/3-celeris/9-cardioid.png Graphic file (type png)

<use media/3-celeris/9-cardioid.png>
Package pdftex.def Info: media/3-celeris/9-cardioid.png used on input line 26.
(pdftex.def)             Requested size: 142.87764pt x 132.18817pt.

<media/3-celeris/10-simpleware.png, id=451, 952.55875pt x 881.2925pt>
File: media/3-celeris/10-simpleware.png Graphic file (type png)

<use media/3-celeris/10-simpleware.png>
Package pdftex.def Info: media/3-celeris/10-simpleware.png used on input line 2
9.
(pdftex.def)             Requested size: 142.87764pt x 132.18817pt.

Underfull \hbox (badness 10000) in paragraph at lines 37--49

 []

[29



 <./media/7-polyknee/fullmesh.png>]
Overfull \hbox (28.22253pt too wide) in paragraph at lines 52--52
[]\OT1/cmr/bx/n/17.28 Towards Au-tomat-ing the Image-to-Analysis Pipeline 
 []

[30 <./media/6-3dprint/3dprint.jpg> <./media/3-celeris/8-celeris.png> <./media/
3-celeris/9-cardioid.png> <./media/3-celeris/10-simpleware.png>]
Underfull \hbox (badness 10000) in paragraph at lines 79--81

 []

<media/sequence.png, id=461, 457.4691pt x 245.718pt>
File: media/sequence.png Graphic file (type png)
 <use media/sequence.png>
Package pdftex.def Info: media/sequence.png used on input line 86.
(pdftex.def)             Requested size: 457.46799pt x 245.71739pt.

Overfull \hbox (2.16678pt too wide) in paragraph at lines 86--89
 [][] 
 []

<media/fullmesh.png, id=462, 559.1289pt x 245.718pt>
File: media/fullmesh.png Graphic file (type png)
 <use media/fullmesh.png>
Package pdftex.def Info: media/fullmesh.png used on input line 95.
(pdftex.def)             Requested size: 458.48866pt x 201.49005pt.

Underfull \hbox (badness 10000) in paragraph at lines 104--114

 []

[31]) [32 <./media/sequence.png>] [33 <./media/fullmesh.png>]
\openout2 = `chap8-conclusions.aux'.


(./chap8-conclusions.tex
Chapter 8.
) [34



]
No file thesis.bbl.
[1

] [2] (./thesis.aux (./chap1-overview.aux) (./chap2-medical-imaging.aux)
(./chap3-image-segmentation.aux) (./chap4-mesh-generation.aux)
(./chap5-numerical-methods.aux) (./chap6-application-cardiac-mechanics.aux)
(./chap7-future-work.aux) (./chap8-conclusions.aux))

LaTeX Font Warning: Size substitutions with differences
(Font)              up to 4.98pt have occurred.


LaTeX Warning: There were undefined references.


LaTeX Warning: There were multiply-defined labels.

 ) 
Here is how much of TeX's memory you used:
 3832 strings out of 493014
 62595 string characters out of 6133351
 143588 words of memory out of 5000000
 7158 multiletter control sequences out of 15000+600000
 11394 words of font info for 39 fonts, out of 8000000 for 9000
 1145 hyphenation exceptions out of 8191
 38i,9n,38p,1009b,333s stack positions out of 5000i,500n,10000p,200000b,80000s
</usr/local/texlive/2016/texmf-dist/fonts/type1/public/amsfonts/cm/cmbx10.pfb
></usr/local/texlive/2016/texmf-dist/fonts/type1/public/amsfonts/cm/cmbx12.pfb>
</usr/local/texlive/2016/texmf-dist/fonts/type1/public/amsfonts/cm/cmcsc10.pfb>
</usr/local/texlive/2016/texmf-dist/fonts/type1/public/amsfonts/cm/cmmi10.pfb><
/usr/local/texlive/2016/texmf-dist/fonts/type1/public/amsfonts/cm/cmmi12.pfb></
usr/local/texlive/2016/texmf-dist/fonts/type1/public/amsfonts/cm/cmmi8.pfb></us
r/local/texlive/2016/texmf-dist/fonts/type1/public/amsfonts/cm/cmr10.pfb></usr/
local/texlive/2016/texmf-dist/fonts/type1/public/amsfonts/cm/cmr12.pfb></usr/lo
cal/texlive/2016/texmf-dist/fonts/type1/public/amsfonts/cm/cmsl12.pfb></usr/loc
al/texlive/2016/texmf-dist/fonts/type1/public/amsfonts/cm/cmsy10.pfb></usr/loca
l/texlive/2016/texmf-dist/fonts/type1/public/amsfonts/cm/cmti10.pfb></usr/local
/texlive/2016/texmf-dist/fonts/type1/public/amsfonts/cm/cmti12.pfb>
Output written on thesis.pdf (47 pages, 50604309 bytes).
PDF statistics:
 523 PDF objects out of 1000 (max. 8388607)
 268 compressed objects within 3 object streams
 0 named destinations out of 1000 (max. 500000)
 386 words of extra memory for PDF output out of 10000 (max. 10000000)

