\BOOKMARK [1][-]{chapter*.1}{Abstract}{}% 1
\BOOKMARK [1][-]{chapter*.1}{Acknowledgments}{}% 2
\BOOKMARK [0][-]{chapter.1}{Overview}{}% 3
\BOOKMARK [0][-]{chapter.2}{Medical Imaging and Image Segmentation}{}% 4
\BOOKMARK [1][-]{section.2.1}{Medical Imaging Approaches}{chapter.2}% 5
\BOOKMARK [2][-]{subsection.2.1.1}{Magnetic Resonance Imaging}{section.2.1}% 6
\BOOKMARK [2][-]{subsection.2.1.2}{X-Ray Computed Tomography}{section.2.1}% 7
\BOOKMARK [2][-]{subsection.2.1.3}{Additional Imaging Modalities}{section.2.1}% 8
\BOOKMARK [2][-]{subsection.2.1.4}{File Formats}{section.2.1}% 9
\BOOKMARK [1][-]{section.2.2}{Image Segmentation Approaches}{chapter.2}% 10
\BOOKMARK [2][-]{subsection.2.2.1}{Image Processing}{section.2.2}% 11
\BOOKMARK [2][-]{subsection.2.2.2}{Review of Image Segmentation Approaches}{section.2.2}% 12
\BOOKMARK [2][-]{subsection.2.2.3}{File Formats}{section.2.2}% 13
\BOOKMARK [0][-]{chapter.3}{Image-Based Meshing}{}% 14
\BOOKMARK [1][-]{section.3.1}{Image-Based Meshing Approaches}{chapter.3}% 15
\BOOKMARK [1][-]{section.3.2}{Surface Generation}{chapter.3}% 16
\BOOKMARK [2][-]{subsection.3.2.1}{Point Cloud Generation}{section.3.2}% 17
\BOOKMARK [2][-]{subsection.3.2.2}{Surface Reconstruction}{section.3.2}% 18
\BOOKMARK [2][-]{subsection.3.2.3}{File Formats}{section.3.2}% 19
\BOOKMARK [1][-]{section.3.3}{Mesh Generation}{chapter.3}% 20
\BOOKMARK [2][-]{subsection.3.3.1}{Hexahedral Meshing}{section.3.3}% 21
\BOOKMARK [2][-]{subsection.3.3.2}{Tetrahedral Meshing}{section.3.3}% 22
\BOOKMARK [2][-]{subsection.3.3.3}{Polyhedral Meshing}{section.3.3}% 23
\BOOKMARK [2][-]{subsection.3.3.4}{File Formats}{section.3.3}% 24
\BOOKMARK [1][-]{section.3.4}{Shabaka: A Free Image-Based Meshing Tool}{chapter.3}% 25
\BOOKMARK [0][-]{chapter.4}{Physics-Based Modeling and Simulation}{}% 26
\BOOKMARK [1][-]{section.4.1}{Nonlinear Solid Mechanics}{chapter.4}% 27
\BOOKMARK [2][-]{subsection.4.1.1}{Kinematics Preliminaries}{section.4.1}% 28
\BOOKMARK [2][-]{subsection.4.1.2}{Traction and Stress Measures}{section.4.1}% 29
\BOOKMARK [2][-]{subsection.4.1.3}{Governing Equations}{section.4.1}% 30
\BOOKMARK [1][-]{section.4.2}{The Finite Element Method in Computational Solid Mechanics}{chapter.4}% 31
\BOOKMARK [2][-]{subsection.4.2.1}{Weak Form and Galerkin Approximation}{section.4.2}% 32
\BOOKMARK [2][-]{subsection.4.2.2}{Solution of the Nonlinear Residual Equations}{section.4.2}% 33
\BOOKMARK [2][-]{subsection.4.2.3}{Mesh Considerations}{section.4.2}% 34
\BOOKMARK [2][-]{subsection.4.2.4}{Constitutive Update}{section.4.2}% 35
\BOOKMARK [2][-]{subsection.4.2.5}{Boundary Conditions}{section.4.2}% 36
\BOOKMARK [2][-]{subsection.4.2.6}{Additional Topics}{section.4.2}% 37
\BOOKMARK [1][-]{section.4.3}{A Polyhedral Finite Element Method in Computational Solid \040Mechanics}{chapter.4}% 38
\BOOKMARK [0][-]{chapter.5}{Application: Cardiac Mechanics}{}% 39
\BOOKMARK [1][-]{section.5.1}{Introduction}{chapter.5}% 40
\BOOKMARK [2][-]{subsection.5.1.1}{Anatomy and Function of the Heart}{section.5.1}% 41
\BOOKMARK [2][-]{subsection.5.1.2}{Related Work}{section.5.1}% 42
\BOOKMARK [1][-]{section.5.2}{Demonstration using Conventional Finite Elements}{chapter.5}% 43
\BOOKMARK [2][-]{subsection.5.2.1}{Methods}{section.5.2}% 44
\BOOKMARK [2][-]{subsection.5.2.2}{Results}{section.5.2}% 45
\BOOKMARK [1][-]{section.5.3}{Extension to Polyhedral Finite Elements}{chapter.5}% 46
\BOOKMARK [2][-]{subsection.5.3.1}{Implementation}{section.5.3}% 47
\BOOKMARK [2][-]{subsection.5.3.2}{Verification}{section.5.3}% 48
\BOOKMARK [0][-]{chapter.6}{Future Work}{}% 49
\BOOKMARK [1][-]{section.6.1}{Short Term}{chapter.6}% 50
\BOOKMARK [2][-]{subsection.6.1.1}{A Polyhedral Finite Element Demonstration in Cardiac \040Mechanics}{section.6.1}% 51
\BOOKMARK [2][-]{subsection.6.1.2}{Improvements to Image-Based Meshing Code}{section.6.1}% 52
\BOOKMARK [2][-]{subsection.6.1.3}{Improvements to Cardiac Mechanics Code}{section.6.1}% 53
\BOOKMARK [1][-]{section.6.2}{Long Term}{chapter.6}% 54
\BOOKMARK [2][-]{subsection.6.2.1}{Simulation of Clinical Trials}{section.6.2}% 55
\BOOKMARK [2][-]{subsection.6.2.2}{Applications in Rapid Prototyping and Additive Manufacturing}{section.6.2}% 56
\BOOKMARK [0][-]{chapter.7}{Conclusions}{}% 57
\BOOKMARK [0][-]{section*.2}{ References}{}% 58
